<?xml version="1.0" encoding="UTF-8"?>
<!-- Generated by org.testng.reporters.JUnitReportReporter -->
<testsuite hostname="EC2AMAZ-S11DBRH" failures="0" tests="1" name="testScripts.SampleTest4" time="0.002" errors="0" timestamp="2023-12-08T07:11:00 GMT" skipped="0">
  <testcase classname="testScripts.SampleTest4" name="test1" time="0.002"/>
  <system-out/>
</testsuite> <!-- testScripts.SampleTest4 -->
