<?xml version="1.0" encoding="UTF-8"?>
<!-- Generated by org.testng.reporters.JUnitReportReporter -->
<testsuite hostname="EC2AMAZ-S11DBRH" failures="0" tests="4" name="parallelScripts.SampleTest1" time="0.034" errors="0" timestamp="2023-12-08T07:54:35 GMT" skipped="0">
  <testcase classname="parallelScripts.SampleTest1" name="test4" time="0.001"/>
  <system-out/>
  <testcase classname="parallelScripts.SampleTest1" name="test2" time="0.013"/>
  <system-out/>
  <testcase classname="parallelScripts.SampleTest1" name="test1" time="0.013"/>
  <system-out/>
  <testcase classname="parallelScripts.SampleTest1" name="test3" time="0.007"/>
  <system-out/>
</testsuite> <!-- parallelScripts.SampleTest1 -->
