<?xml version="1.0" encoding="UTF-8"?>
<!-- Generated by org.testng.reporters.JUnitReportReporter -->
<testsuite hostname="EC2AMAZ-S11DBRH" failures="0" tests="4" name="testScripts.SampleTest1" time="11.782" errors="0" timestamp="2023-12-08T06:04:35 GMT" skipped="1">
  <testcase classname="testScripts.SampleTest1" name="pythonSearchTest" time="7.273"/>
  <system-out/>
  <testcase classname="testScripts.SampleTest1" name="seleniumSearchTest" time="1.419"/>
  <system-out/>
  <testcase classname="testScripts.SampleTest1" name="appiumSearchTest" time="3.090"/>
  <system-out/>
  <testcase classname="testScripts.SampleTest1" name="cucmberSearchTest">
    <skipped/>
  </testcase> <!-- cucmberSearchTest -->
  <system-out/>
</testsuite> <!-- testScripts.SampleTest1 -->
