<?xml version="1.0" encoding="UTF-8"?>
<!-- Generated by org.testng.reporters.JUnitReportReporter -->
<testsuite hostname="EC2AMAZ-S11DBRH" failures="0" tests="4" name="parallelScripts.SampleTest1" time="0.023" errors="0" timestamp="2023-12-11T05:21:16 GMT" skipped="0">
  <testcase classname="parallelScripts.SampleTest1" name="test1" time="0.014"/>
  <system-out/>
  <testcase classname="parallelScripts.SampleTest1" name="test3" time="0.003"/>
  <system-out/>
  <testcase classname="parallelScripts.SampleTest1" name="test2" time="0.005"/>
  <system-out/>
  <testcase classname="parallelScripts.SampleTest1" name="test4" time="0.001"/>
  <system-out/>
</testsuite> <!-- parallelScripts.SampleTest1 -->
