<?xml version="1.0" encoding="UTF-8"?>
<!-- Generated by org.testng.reporters.JUnitReportReporter -->
<testsuite hostname="EC2AMAZ-S11DBRH" failures="0" tests="2" name="testScripts.SampleTest3" time="0.011" errors="0" timestamp="2023-12-08T07:11:00 GMT" skipped="0">
  <testcase classname="testScripts.SampleTest3" name="test2" time="0.001"/>
  <system-out/>
  <testcase classname="testScripts.SampleTest3" name="test1" time="0.010"/>
  <system-out/>
</testsuite> <!-- testScripts.SampleTest3 -->
