<?xml version="1.0" encoding="UTF-8"?>
<!-- Generated by org.testng.reporters.JUnitReportReporter -->
<testsuite hostname="EC2AMAZ-S11DBRH" failures="0" tests="1" name="testScripts.AssertTest" time="7.490" errors="0" timestamp="2023-12-11T06:28:22 GMT" skipped="0">
  <testcase classname="testScripts.AssertTest" name="javaSearchAssertTest" time="7.490"/>
  <system-out/>
</testsuite> <!-- testScripts.AssertTest -->
