<?xml version="1.0" encoding="UTF-8"?>
<!-- Generated by org.testng.reporters.JUnitReportReporter -->
<testsuite hostname="EC2AMAZ-S11DBRH" failures="0" tests="4" name="parallelScripts.SampleTest3" time="0.026" errors="0" timestamp="2023-12-08T07:54:35 GMT" skipped="0">
  <testcase classname="parallelScripts.SampleTest3" name="test3" time="0.002"/>
  <system-out/>
  <testcase classname="parallelScripts.SampleTest3" name="test4" time="0.002"/>
  <system-out/>
  <testcase classname="parallelScripts.SampleTest3" name="test1" time="0.012"/>
  <system-out/>
  <testcase classname="parallelScripts.SampleTest3" name="test2" time="0.010"/>
  <system-out/>
</testsuite> <!-- parallelScripts.SampleTest3 -->
