<?xml version="1.0" encoding="UTF-8"?>
<!-- Generated by org.testng.reporters.JUnitReportReporter -->
<testsuite hostname="EC2AMAZ-S11DBRH" failures="0" tests="9" name="parallelScripts.SampleTest3" time="0.100" errors="0" timestamp="2023-12-11T05:21:16 GMT" skipped="0">
  <testcase classname="parallelScripts.SampleTest3" name="test1" time="0.014"/>
  <system-out/>
  <testcase classname="parallelScripts.SampleTest3" name="test4" time="0.014"/>
  <system-out/>
  <testcase classname="parallelScripts.SampleTest3" name="test4" time="0.010"/>
  <system-out/>
  <testcase classname="parallelScripts.SampleTest3" name="test4" time="0.007"/>
  <system-out/>
  <testcase classname="parallelScripts.SampleTest3" name="test4" time="0.033"/>
  <system-out/>
  <testcase classname="parallelScripts.SampleTest3" name="test4" time="0.007"/>
  <system-out/>
  <testcase classname="parallelScripts.SampleTest3" name="test3" time="0.003"/>
  <system-out/>
  <testcase classname="parallelScripts.SampleTest3" name="test2" time="0.006"/>
  <system-out/>
  <testcase classname="parallelScripts.SampleTest3" name="test4" time="0.006"/>
  <system-out/>
</testsuite> <!-- parallelScripts.SampleTest3 -->
